<?xml version="1.0" encoding="UTF-8"?>
<testng-results ignored="0" total="2" passed="2" failed="0" skipped="0">
  <reporter-output>
  </reporter-output>
  <suite started-at="2024-02-06T13:19:07 IST" name="Suite" finished-at="2024-02-06T13:19:21 IST" duration-ms="13798">
    <groups>
      <group name="regression">
        <method signature="TC_001_AccountregistrationTest.verify_account_registration()[pri:0, instance:testCases.TC_001_AccountregistrationTest@644baf4a]" name="verify_account_registration" class="testCases.TC_001_AccountregistrationTest"/>
      </group> <!-- regression -->
      <group name="sanity">
        <method signature="TC_002_LoginTest.verify_login()[pri:0, instance:testCases.TC_002_LoginTest@76a4ebf2]" name="verify_login" class="testCases.TC_002_LoginTest"/>
      </group> <!-- sanity -->
      <group name="master">
        <method signature="TC_001_AccountregistrationTest.verify_account_registration()[pri:0, instance:testCases.TC_001_AccountregistrationTest@644baf4a]" name="verify_account_registration" class="testCases.TC_001_AccountregistrationTest"/>
        <method signature="TC_002_LoginTest.verify_login()[pri:0, instance:testCases.TC_002_LoginTest@76a4ebf2]" name="verify_login" class="testCases.TC_002_LoginTest"/>
      </group> <!-- master -->
    </groups>
    <test started-at="2024-02-06T13:19:07 IST" name="Test" finished-at="2024-02-06T13:19:21 IST" duration-ms="13798">
      <class name="testCases.TC_002_LoginTest">
        <test-method is-config="true" signature="setup(java.lang.String,java.lang.String)[pri:0, instance:testCases.TC_002_LoginTest@76a4ebf2]" started-at="2024-02-06T13:19:16 IST" name="setup" finished-at="2024-02-06T13:19:19 IST" duration-ms="2429" status="PASS">
          <params>
            <param index="0">
              <value>
                <![CDATA[windows]]>
              </value>
            </param>
            <param index="1">
              <value>
                <![CDATA[chrome]]>
              </value>
            </param>
          </params>
          <reporter-output>
          </reporter-output>
        </test-method> <!-- setup -->
        <test-method signature="verify_login()[pri:0, instance:testCases.TC_002_LoginTest@76a4ebf2]" started-at="2024-02-06T13:19:19 IST" name="verify_login" finished-at="2024-02-06T13:19:21 IST" duration-ms="2416" status="PASS">
          <reporter-output>
          </reporter-output>
        </test-method> <!-- verify_login -->
        <test-method is-config="true" signature="teardown()[pri:0, instance:testCases.TC_002_LoginTest@76a4ebf2]" started-at="2024-02-06T13:19:21 IST" name="teardown" finished-at="2024-02-06T13:19:21 IST" duration-ms="143" status="PASS">
          <reporter-output>
          </reporter-output>
        </test-method> <!-- teardown -->
      </class> <!-- testCases.TC_002_LoginTest -->
      <class name="testCases.TC_001_AccountregistrationTest">
        <test-method is-config="true" signature="setup(java.lang.String,java.lang.String)[pri:0, instance:testCases.TC_001_AccountregistrationTest@644baf4a]" started-at="2024-02-06T13:19:07 IST" name="setup" finished-at="2024-02-06T13:19:12 IST" duration-ms="4248" status="PASS">
          <params>
            <param index="0">
              <value>
                <![CDATA[windows]]>
              </value>
            </param>
            <param index="1">
              <value>
                <![CDATA[chrome]]>
              </value>
            </param>
          </params>
          <reporter-output>
          </reporter-output>
        </test-method> <!-- setup -->
        <test-method signature="verify_account_registration()[pri:0, instance:testCases.TC_001_AccountregistrationTest@644baf4a]" started-at="2024-02-06T13:19:12 IST" name="verify_account_registration" finished-at="2024-02-06T13:19:16 IST" duration-ms="4318" status="PASS">
          <reporter-output>
          </reporter-output>
        </test-method> <!-- verify_account_registration -->
        <test-method is-config="true" signature="teardown()[pri:0, instance:testCases.TC_001_AccountregistrationTest@644baf4a]" started-at="2024-02-06T13:19:16 IST" name="teardown" finished-at="2024-02-06T13:19:16 IST" duration-ms="168" status="PASS">
          <reporter-output>
          </reporter-output>
        </test-method> <!-- teardown -->
      </class> <!-- testCases.TC_001_AccountregistrationTest -->
    </test> <!-- Test -->
  </suite> <!-- Suite -->
</testng-results>
